for e in string system ipc execute_elf memory unicode network video serial console random log file math checksum mutex iso pci time list sound ; do make -C $e install || exit ; done
make[1]: Вход в каталог `/root/Development/chaos/libraries/string'

  Compiling library: string...

mkdir -p /mnt/chaos/data/programming/libraries/static
cp library_string.a /mnt/chaos/data/programming/libraries/static
mkdir -p /mnt/chaos/data/programming/c/headers/string
for header in string.h return_values.h inlines.h functions.h ; do cp $header /mnt/chaos/data/programming/c/headers/string ; done
make[1]: Выход из каталог `/root/Development/chaos/libraries/string'
make[1]: Вход в каталог `/root/Development/chaos/libraries/system'

  Compiling library: system...

mkdir -p /mnt/chaos/data/programming/libraries/static
cp library_system.a /mnt/chaos/data/programming/libraries/static
mkdir -p /mnt/chaos/data/programming/c/headers/system
for header in alignment.h big_endian.h bit.h byte_order.h endian.h functions.h little_endian.h port.h return_values.h system.h system_calls.h ; do cp $header /mnt/chaos/data/programming/c/headers/system ; done
make[1]: Выход из каталог `/root/Development/chaos/libraries/system'
make[1]: Вход в каталог `/root/Development/chaos/libraries/ipc'

  Compiling library: ipc...

mkdir -p /mnt/chaos/data/programming/libraries/static
cp library_ipc.a /mnt/chaos/data/programming/libraries/static
mkdir -p /mnt/chaos/data/programming/c/headers/ipc
for header in block.h console.h defines.h ethernet.h file_system.h functions.h general.h ipc.h ipv4.h keyboard.h log.h mouse.h pci.h protocols.h return_values.h rtc.h serial.h sound.h types.h video.h virtual_file_system.h ; do cp $header /mnt/chaos/data/programming/c/headers/ipc ; done
make[1]: Выход из каталог `/root/Development/chaos/libraries/ipc'
make[1]: Вход в каталог `/root/Development/chaos/libraries/execute_elf'

  Compiling library: execute_elf...

mkdir -p /mnt/chaos/data/programming/libraries/static
cp library_execute_elf.a /mnt/chaos/data/programming/libraries/static
mkdir -p /mnt/chaos/data/programming/c/headers/execute_elf
for header in execute_elf.h return_values.h ; do cp $header /mnt/chaos/data/programming/c/headers/execute_elf ; done
make[1]: Выход из каталог `/root/Development/chaos/libraries/execute_elf'
make[1]: Вход в каталог `/root/Development/chaos/libraries/memory'

  Compiling library: memory...

mkdir -p /mnt/chaos/data/programming/libraries/static
cp library_memory.a /mnt/chaos/data/programming/libraries/static
mkdir -p /mnt/chaos/data/programming/c/headers/memory
for header in copy.h dynamic.h functions.h memory.h return_values.h set.h slab.h types.h ; do cp $header /mnt/chaos/data/programming/c/headers/memory ; done
make[1]: Выход из каталог `/root/Development/chaos/libraries/memory'
make[1]: Вход в каталог `/root/Development/chaos/libraries/unicode'

  Compiling library: unicode...

mkdir -p /mnt/chaos/data/programming/libraries/static
cp library_unicode.a /mnt/chaos/data/programming/libraries/static
mkdir -p /mnt/chaos/data/programming/c/headers/unicode
for header in functions.h return_values.h types.h unicode.h ; do cp $header /mnt/chaos/data/programming/c/headers/unicode ; done
make[1]: Выход из каталог `/root/Development/chaos/libraries/unicode'
make[1]: Вход в каталог `/root/Development/chaos/libraries/network'

  Compiling library: network...

mkdir -p /mnt/chaos/data/programming/libraries/static
cp library_network.a /mnt/chaos/data/programming/libraries/static
mkdir -p /mnt/chaos/data/programming/c/headers/network
for header in ethernet.h functions.h network.h return_values.h ; do cp $header /mnt/chaos/data/programming/c/headers/network ; done
make[1]: Выход из каталог `/root/Development/chaos/libraries/network'
make[1]: Вход в каталог `/root/Development/chaos/libraries/video'

  Compiling library: video...

mkdir -p /mnt/chaos/data/programming/libraries/static
cp library_video.a /mnt/chaos/data/programming/libraries/static
mkdir -p /mnt/chaos/data/programming/c/headers/video
for header in color.h image.h options.h return_values.h video.h ; do cp $header /mnt/chaos/data/programming/c/headers/video ; done
make[1]: Выход из каталог `/root/Development/chaos/libraries/video'
make[1]: Вход в каталог `/root/Development/chaos/libraries/serial'

  Compiling library: serial...

mkdir -p /mnt/chaos/data/programming/libraries/static
cp library_serial.a /mnt/chaos/data/programming/libraries/static
mkdir -p /mnt/chaos/data/programming/c/headers/serial
for header in defines.h functions.h return_values.h serial.h types.h ; do cp $header /mnt/chaos/data/programming/c/headers/serial ; done
make[1]: Выход из каталог `/root/Development/chaos/libraries/serial'
make[1]: Вход в каталог `/root/Development/chaos/libraries/console'

  Compiling library: console...

mkdir -p /mnt/chaos/data/programming/libraries/static
cp library_console.a /mnt/chaos/data/programming/libraries/static
mkdir -p /mnt/chaos/data/programming/c/headers/console
for header in console.h defines.h functions.h types.h return_values.h ; do cp $header /mnt/chaos/data/programming/c/headers/console ; done
make[1]: Выход из каталог `/root/Development/chaos/libraries/console'
make[1]: Вход в каталог `/root/Development/chaos/libraries/random'

  Compiling library: random...

mkdir -p /mnt/chaos/data/programming/libraries/static
cp library_random.a /mnt/chaos/data/programming/libraries/static
mkdir -p /mnt/chaos/data/programming/c/headers/random
for header in functions.h random.h return_values.h ; do cp $header /mnt/chaos/data/programming/c/headers/random ; done
make[1]: Выход из каталог `/root/Development/chaos/libraries/random'
make[1]: Вход в каталог `/root/Development/chaos/libraries/log'

  Compiling library: log...

mkdir -p /mnt/chaos/data/programming/libraries/static
cp library_log.a /mnt/chaos/data/programming/libraries/static
mkdir -p /mnt/chaos/data/programming/c/headers/log
for header in defines.h functions.h log.h return_values.h types.h ; do cp $header /mnt/chaos/data/programming/c/headers/log ; done
make[1]: Выход из каталог `/root/Development/chaos/libraries/log'
make[1]: Вход в каталог `/root/Development/chaos/libraries/file'

  Compiling library: file...

mkdir -p /mnt/chaos/data/programming/libraries/static
cp library_file.a /mnt/chaos/data/programming/libraries/static
mkdir -p /mnt/chaos/data/programming/c/headers/file
for header in defines.h file.h functions.h return_values.h types.h ; do cp $header /mnt/chaos/data/programming/c/headers/file ; done
make[1]: Выход из каталог `/root/Development/chaos/libraries/file'
make[1]: Вход в каталог `/root/Development/chaos/libraries/math'

  Compiling library: math...

mkdir -p /mnt/chaos/data/programming/libraries/static
cp library_math.a /mnt/chaos/data/programming/libraries/static
mkdir -p /mnt/chaos/data/programming/c/headers/math
for header in math.h ; do cp $header /mnt/chaos/data/programming/c/headers/math ; done
make[1]: Выход из каталог `/root/Development/chaos/libraries/math'
make[1]: Вход в каталог `/root/Development/chaos/libraries/checksum'

  Compiling library: checksum...

mkdir -p /mnt/chaos/data/programming/libraries/static
cp library_checksum.a /mnt/chaos/data/programming/libraries/static
mkdir -p /mnt/chaos/data/programming/c/headers/checksum
for header in checksum.h defines.h functions.h types.h ; do cp $header /mnt/chaos/data/programming/c/headers/checksum ; done
make[1]: Выход из каталог `/root/Development/chaos/libraries/checksum'
make[1]: Вход в каталог `/root/Development/chaos/libraries/mutex'

  Compiling library: mutex...

mkdir -p /mnt/chaos/data/programming/libraries/static
cp library_mutex.a /mnt/chaos/data/programming/libraries/static
mkdir -p /mnt/chaos/data/programming/c/headers/mutex
for header in mutex.h ; do cp $header /mnt/chaos/data/programming/c/headers/mutex ; done
make[1]: Выход из каталог `/root/Development/chaos/libraries/mutex'
make[1]: Вход в каталог `/root/Development/chaos/libraries/iso'

  Compiling library: iso...

mkdir -p /mnt/chaos/data/programming/libraries/static
cp library_iso.a /mnt/chaos/data/programming/libraries/static
mkdir -p /mnt/chaos/data/programming/c/headers/iso
for header in ctype.h errno.h fcntl.h features.h math.h signal.h stdio.h stdlib.h string.h time.h unistd.h ; do cp $header /mnt/chaos/data/programming/c/headers/iso ; done
make[1]: Выход из каталог `/root/Development/chaos/libraries/iso'
make[1]: Вход в каталог `/root/Development/chaos/libraries/pci'

  Compiling library: pci...

mkdir -p /mnt/chaos/data/programming/libraries/static
cp library_pci.a /mnt/chaos/data/programming/libraries/static
mkdir -p /mnt/chaos/data/programming/c/headers/pci
for header in functions.h return_values.h pci.h ; do cp $header /mnt/chaos/data/programming/c/headers/pci ; done
make[1]: Выход из каталог `/root/Development/chaos/libraries/pci'
make[1]: Вход в каталог `/root/Development/chaos/libraries/time'

  Compiling library: time...

Compiling time.c...
Creating library...
mkdir -p /mnt/chaos/data/programming/libraries/static
cp library_time.a /mnt/chaos/data/programming/libraries/static
mkdir -p /mnt/chaos/data/programming/c/headers/time
for header in time.h ; do cp $header /mnt/chaos/data/programming/c/headers/time ; done
make[1]: Выход из каталог `/root/Development/chaos/libraries/time'
make[1]: Вход в каталог `/root/Development/chaos/libraries/list'

  Compiling library: list...

Compiling list.c...
Creating library...
mkdir -p /mnt/chaos/data/programming/libraries/static
cp library_list.a /mnt/chaos/data/programming/libraries/static
mkdir -p /mnt/chaos/data/programming/c/headers/list
for header in functions.h list.h return_values.h types.h ; do cp $header /mnt/chaos/data/programming/c/headers/list ; done
make[1]: Выход из каталог `/root/Development/chaos/libraries/list'
make[1]: Вход в каталог `/root/Development/chaos/libraries/sound'

  Compiling library: sound...

Compiling sound.c...
Creating library...
mkdir -p /mnt/chaos/data/programming/libraries/static
cp library_sound.a /mnt/chaos/data/programming/libraries/static
mkdir -p /mnt/chaos/data/programming/c/headers/sound
for header in defines.h functions.h return_values.h sound.h types.h ; do cp $header /mnt/chaos/data/programming/c/headers/sound ; done
make[1]: Выход из каталог `/root/Development/chaos/libraries/sound'
mkdir -p /mnt/chaos/data/programming/linker
cp chaos.ld /mnt/chaos/data/programming/linker
mkdir -p /mnt/chaos/data/programming/c/startup
make startup.o
make[1]: Вход в каталог `/root/Development/chaos/libraries'
make[1]: `startup.o' не требует обновления.
make[1]: Выход из каталог `/root/Development/chaos/libraries'
cp startup.o /mnt/chaos/data/programming/c/startup
for e in string system ipc execute_elf memory unicode network video serial console random log file math checksum mutex iso pci time list sound ; do make -C $e install || exit clean ; done
make[1]: Вход в каталог `/root/Development/chaos/libraries/string'

  Compiling library: string...

mkdir -p /mnt/chaos/data/programming/libraries/static
cp library_string.a /mnt/chaos/data/programming/libraries/static
mkdir -p /mnt/chaos/data/programming/c/headers/string
for header in string.h return_values.h inlines.h functions.h ; do cp $header /mnt/chaos/data/programming/c/headers/string ; done
make[1]: Выход из каталог `/root/Development/chaos/libraries/string'
make[1]: Вход в каталог `/root/Development/chaos/libraries/system'

  Compiling library: system...

mkdir -p /mnt/chaos/data/programming/libraries/static
cp library_system.a /mnt/chaos/data/programming/libraries/static
mkdir -p /mnt/chaos/data/programming/c/headers/system
for header in alignment.h big_endian.h bit.h byte_order.h endian.h functions.h little_endian.h port.h return_values.h system.h system_calls.h ; do cp $header /mnt/chaos/data/programming/c/headers/system ; done
make[1]: Выход из каталог `/root/Development/chaos/libraries/system'
make[1]: Вход в каталог `/root/Development/chaos/libraries/ipc'

  Compiling library: ipc...

mkdir -p /mnt/chaos/data/programming/libraries/static
cp library_ipc.a /mnt/chaos/data/programming/libraries/static
mkdir -p /mnt/chaos/data/programming/c/headers/ipc
for header in block.h console.h defines.h ethernet.h file_system.h functions.h general.h ipc.h ipv4.h keyboard.h log.h mouse.h pci.h protocols.h return_values.h rtc.h serial.h sound.h types.h video.h virtual_file_system.h ; do cp $header /mnt/chaos/data/programming/c/headers/ipc ; done
make[1]: Выход из каталог `/root/Development/chaos/libraries/ipc'
make[1]: Вход в каталог `/root/Development/chaos/libraries/execute_elf'

  Compiling library: execute_elf...

mkdir -p /mnt/chaos/data/programming/libraries/static
cp library_execute_elf.a /mnt/chaos/data/programming/libraries/static
mkdir -p /mnt/chaos/data/programming/c/headers/execute_elf
for header in execute_elf.h return_values.h ; do cp $header /mnt/chaos/data/programming/c/headers/execute_elf ; done
make[1]: Выход из каталог `/root/Development/chaos/libraries/execute_elf'
make[1]: Вход в каталог `/root/Development/chaos/libraries/memory'

  Compiling library: memory...

mkdir -p /mnt/chaos/data/programming/libraries/static
cp library_memory.a /mnt/chaos/data/programming/libraries/static
mkdir -p /mnt/chaos/data/programming/c/headers/memory
for header in copy.h dynamic.h functions.h memory.h return_values.h set.h slab.h types.h ; do cp $header /mnt/chaos/data/programming/c/headers/memory ; done
make[1]: Выход из каталог `/root/Development/chaos/libraries/memory'
make[1]: Вход в каталог `/root/Development/chaos/libraries/unicode'

  Compiling library: unicode...

mkdir -p /mnt/chaos/data/programming/libraries/static
cp library_unicode.a /mnt/chaos/data/programming/libraries/static
mkdir -p /mnt/chaos/data/programming/c/headers/unicode
for header in functions.h return_values.h types.h unicode.h ; do cp $header /mnt/chaos/data/programming/c/headers/unicode ; done
make[1]: Выход из каталог `/root/Development/chaos/libraries/unicode'
make[1]: Вход в каталог `/root/Development/chaos/libraries/network'

  Compiling library: network...

mkdir -p /mnt/chaos/data/programming/libraries/static
cp library_network.a /mnt/chaos/data/programming/libraries/static
mkdir -p /mnt/chaos/data/programming/c/headers/network
for header in ethernet.h functions.h network.h return_values.h ; do cp $header /mnt/chaos/data/programming/c/headers/network ; done
make[1]: Выход из каталог `/root/Development/chaos/libraries/network'
make[1]: Вход в каталог `/root/Development/chaos/libraries/video'

  Compiling library: video...

mkdir -p /mnt/chaos/data/programming/libraries/static
cp library_video.a /mnt/chaos/data/programming/libraries/static
mkdir -p /mnt/chaos/data/programming/c/headers/video
for header in color.h image.h options.h return_values.h video.h ; do cp $header /mnt/chaos/data/programming/c/headers/video ; done
make[1]: Выход из каталог `/root/Development/chaos/libraries/video'
make[1]: Вход в каталог `/root/Development/chaos/libraries/serial'

  Compiling library: serial...

mkdir -p /mnt/chaos/data/programming/libraries/static
cp library_serial.a /mnt/chaos/data/programming/libraries/static
mkdir -p /mnt/chaos/data/programming/c/headers/serial
for header in defines.h functions.h return_values.h serial.h types.h ; do cp $header /mnt/chaos/data/programming/c/headers/serial ; done
make[1]: Выход из каталог `/root/Development/chaos/libraries/serial'
make[1]: Вход в каталог `/root/Development/chaos/libraries/console'

  Compiling library: console...

mkdir -p /mnt/chaos/data/programming/libraries/static
cp library_console.a /mnt/chaos/data/programming/libraries/static
mkdir -p /mnt/chaos/data/programming/c/headers/console
for header in console.h defines.h functions.h types.h return_values.h ; do cp $header /mnt/chaos/data/programming/c/headers/console ; done
make[1]: Выход из каталог `/root/Development/chaos/libraries/console'
make[1]: Вход в каталог `/root/Development/chaos/libraries/random'

  Compiling library: random...

mkdir -p /mnt/chaos/data/programming/libraries/static
cp library_random.a /mnt/chaos/data/programming/libraries/static
mkdir -p /mnt/chaos/data/programming/c/headers/random
for header in functions.h random.h return_values.h ; do cp $header /mnt/chaos/data/programming/c/headers/random ; done
make[1]: Выход из каталог `/root/Development/chaos/libraries/random'
make[1]: Вход в каталог `/root/Development/chaos/libraries/log'

  Compiling library: log...

mkdir -p /mnt/chaos/data/programming/libraries/static
cp library_log.a /mnt/chaos/data/programming/libraries/static
mkdir -p /mnt/chaos/data/programming/c/headers/log
for header in defines.h functions.h log.h return_values.h types.h ; do cp $header /mnt/chaos/data/programming/c/headers/log ; done
make[1]: Выход из каталог `/root/Development/chaos/libraries/log'
make[1]: Вход в каталог `/root/Development/chaos/libraries/file'

  Compiling library: file...

mkdir -p /mnt/chaos/data/programming/libraries/static
cp library_file.a /mnt/chaos/data/programming/libraries/static
mkdir -p /mnt/chaos/data/programming/c/headers/file
for header in defines.h file.h functions.h return_values.h types.h ; do cp $header /mnt/chaos/data/programming/c/headers/file ; done
make[1]: Выход из каталог `/root/Development/chaos/libraries/file'
make[1]: Вход в каталог `/root/Development/chaos/libraries/math'

  Compiling library: math...

mkdir -p /mnt/chaos/data/programming/libraries/static
cp library_math.a /mnt/chaos/data/programming/libraries/static
mkdir -p /mnt/chaos/data/programming/c/headers/math
for header in math.h ; do cp $header /mnt/chaos/data/programming/c/headers/math ; done
make[1]: Выход из каталог `/root/Development/chaos/libraries/math'
make[1]: Вход в каталог `/root/Development/chaos/libraries/checksum'

  Compiling library: checksum...

mkdir -p /mnt/chaos/data/programming/libraries/static
cp library_checksum.a /mnt/chaos/data/programming/libraries/static
mkdir -p /mnt/chaos/data/programming/c/headers/checksum
for header in checksum.h defines.h functions.h types.h ; do cp $header /mnt/chaos/data/programming/c/headers/checksum ; done
make[1]: Выход из каталог `/root/Development/chaos/libraries/checksum'
make[1]: Вход в каталог `/root/Development/chaos/libraries/mutex'

  Compiling library: mutex...

mkdir -p /mnt/chaos/data/programming/libraries/static
cp library_mutex.a /mnt/chaos/data/programming/libraries/static
mkdir -p /mnt/chaos/data/programming/c/headers/mutex
for header in mutex.h ; do cp $header /mnt/chaos/data/programming/c/headers/mutex ; done
make[1]: Выход из каталог `/root/Development/chaos/libraries/mutex'
make[1]: Вход в каталог `/root/Development/chaos/libraries/iso'

  Compiling library: iso...

mkdir -p /mnt/chaos/data/programming/libraries/static
cp library_iso.a /mnt/chaos/data/programming/libraries/static
mkdir -p /mnt/chaos/data/programming/c/headers/iso
for header in ctype.h errno.h fcntl.h features.h math.h signal.h stdio.h stdlib.h string.h time.h unistd.h ; do cp $header /mnt/chaos/data/programming/c/headers/iso ; done
make[1]: Выход из каталог `/root/Development/chaos/libraries/iso'
make[1]: Вход в каталог `/root/Development/chaos/libraries/pci'

  Compiling library: pci...

mkdir -p /mnt/chaos/data/programming/libraries/static
cp library_pci.a /mnt/chaos/data/programming/libraries/static
mkdir -p /mnt/chaos/data/programming/c/headers/pci
for header in functions.h return_values.h pci.h ; do cp $header /mnt/chaos/data/programming/c/headers/pci ; done
make[1]: Выход из каталог `/root/Development/chaos/libraries/pci'
make[1]: Вход в каталог `/root/Development/chaos/libraries/time'

  Compiling library: time...

mkdir -p /mnt/chaos/data/programming/libraries/static
cp library_time.a /mnt/chaos/data/programming/libraries/static
mkdir -p /mnt/chaos/data/programming/c/headers/time
for header in time.h ; do cp $header /mnt/chaos/data/programming/c/headers/time ; done
make[1]: Выход из каталог `/root/Development/chaos/libraries/time'
make[1]: Вход в каталог `/root/Development/chaos/libraries/list'

  Compiling library: list...

mkdir -p /mnt/chaos/data/programming/libraries/static
cp library_list.a /mnt/chaos/data/programming/libraries/static
mkdir -p /mnt/chaos/data/programming/c/headers/list
for header in functions.h list.h return_values.h types.h ; do cp $header /mnt/chaos/data/programming/c/headers/list ; done
make[1]: Выход из каталог `/root/Development/chaos/libraries/list'
make[1]: Вход в каталог `/root/Development/chaos/libraries/sound'

  Compiling library: sound...

mkdir -p /mnt/chaos/data/programming/libraries/static
cp library_sound.a /mnt/chaos/data/programming/libraries/static
mkdir -p /mnt/chaos/data/programming/c/headers/sound
for header in defines.h functions.h return_values.h sound.h types.h ; do cp $header /mnt/chaos/data/programming/c/headers/sound ; done
make[1]: Выход из каталог `/root/Development/chaos/libraries/sound'
