This is pdfTeX, Version 3.14159-14f-released-20000525 (Web2C 7.3.1) (format=pdfjadetex 2000.9.15)  15 SEP 2000 15:17
**coding-standards.tex
(coding-standards.tex{/usr/share/texmf/pdftex/config/pdftex.cfg}
JadeTeX 2000/04/10: 2.18
LaTeX Font Info:    Try loading font information for T1+ptm on input line 1.
(/usr/share/texmf/tex/latex/psnfss/t1ptm.fd
File: t1ptm.fd 1998/07/06 Fontinst v1.800 font definitions for T1/ptm.
)
Elements will be labelled
Jade begin document sequence at 20
(coding-standards.aux)
\openout1 = `coding-standards.aux'.

LaTeX Font Info:    Checking defaults for OML/cmm/m/it on input line 20.
LaTeX Font Info:    ... okay on input line 20.
LaTeX Font Info:    Checking defaults for T1/cmr/m/n on input line 20.
LaTeX Font Info:    ... okay on input line 20.
LaTeX Font Info:    Checking defaults for OT1/cmr/m/n on input line 20.
LaTeX Font Info:    ... okay on input line 20.
LaTeX Font Info:    Checking defaults for OMS/cmsy/m/n on input line 20.
LaTeX Font Info:    ... okay on input line 20.
LaTeX Font Info:    Checking defaults for OMX/cmex/m/n on input line 20.
LaTeX Font Info:    ... okay on input line 20.
LaTeX Font Info:    Checking defaults for U/cmr/m/n on input line 20.
LaTeX Font Info:    ... okay on input line 20.
LaTeX Font Info:    Checking defaults for OT2/wncyr/m/n on input line 20.
LaTeX Font Info:    Try loading font information for OT2+wncyr on input line 20
.
 (/usr/share/texmf/tex/latex/cyrillic/ot2wncyr.fd
File: ot2wncyr.fd 1999/05/31 v3.2 Computer Modern Cyrillic font definitions
)
LaTeX Font Info:    ... okay on input line 20.
LaTeX Font Info:    Checking defaults for PD1/pdf/m/n on input line 20.
LaTeX Font Info:    ... okay on input line 20.
LaTeX Font Info:    Checking defaults for T2A/cmr/m/n on input line 20.
LaTeX Font Info:    Try loading font information for T2A+cmr on input line 20.

(/usr/share/texmf/tex/latex/cyrillic/t2acmr.fd
File: t2acmr.fd 1999/01/07 v1.0 Computer Modern Cyrillic font definitions
)
LaTeX Font Info:    ... okay on input line 20.
LaTeX Font Info:    Checking defaults for TS1/cmr/m/n on input line 20.
LaTeX Font Info:    Try loading font information for TS1+cmr on input line 20.

(/usr/share/texmf/tex/latex/base/ts1cmr.fd
File: ts1cmr.fd 1999/05/25 v2.5h Standard LaTeX font definitions
)
LaTeX Font Info:    ... okay on input line 20.
LaTeX Font Info:    Checking defaults for LECO/omseco/m/n on input line 20.
LaTeX Font Info:    ... okay on input line 20.
LaTeX Font Info:    Checking defaults for LECX/omsecx/m/n on input line 20.
LaTeX Font Info:    ... okay on input line 20.
LaTeX Font Info:    Checking defaults for LECY/omsecy/m/n on input line 20.
LaTeX Font Info:    ... okay on input line 20.
LaTeX Font Info:    Checking defaults for LEGR/omsegr/m/n on input line 20.
LaTeX Font Info:    ... okay on input line 20.
LaTeX Font Info:    Checking defaults for LEHA/omseha/m/n on input line 20.
LaTeX Font Info:    ... okay on input line 20.
LaTeX Font Info:    Checking defaults for LEIP/omseip/m/n on input line 20.
LaTeX Font Info:    ... okay on input line 20.
LaTeX Font Info:    Checking defaults for LELA/omsela/m/n on input line 20.
LaTeX Font Info:    ... okay on input line 20.
LaTeX Font Info:    Checking defaults for LETI/omseti/m/n on input line 20.
LaTeX Font Info:    ... okay on input line 20.

(/usr/share/texmf/tex/context/base/supp-pdf.tex
(/usr/share/texmf/tex/context/base/supp-mis.tex
loading : Context Support Macros / Missing
\protectiondepth=\count114
\scratchcounter=\count115
\scratchdimen=\dimen131
\scratchskip=\skip53
\scratchmuskip=\muskip10
\scratchbox=\box61
\scratchread=\read1
\scratchwrite=\write4
\nextbox=\box62
\nextdepth=\dimen132
\everyline=\toks21
\!!counta=\count116
\!!countb=\count117
\recursecounter=\count118
)
loading : Context Support Macros / PDF
\nofMPsegments=\count119
\nofMParguments=\count120
)
Package hyperref Info: Link coloring ON on input line 20.
 (/usr/share/texmf/tex/latex/hyperref/nameref.sty
Package: nameref 2000/05/08 v2.18 Cross-referencing by name of section
\c@section@level=\count121
) (coding-standards.out)
(coding-standards.out)
\openout3 = `coding-standards.out'.

LaTeX Info: Redefining \ref on input line 20.
LaTeX Info: Redefining \pageref on input line 20.
LaTeX Font Info:    Try loading font information for T1+phv on input line 99.
 (/usr/share/texmf/tex/latex/psnfss/t1phv.fd
File: t1phv.fd 1998/07/06 Fontinst v1.800 font definitions for T1/phv.
)
LaTeX Font Info:    Font shape `T1/phv/bx/n' in size <24.883> not available
(Font)              Font shape `T1/phv/b/n' tried instead on input line 99.
LaTeX Font Info:    Font shape `T1/phv/bx/n' in size <17.28> not available
(Font)              Font shape `T1/phv/b/n' tried instead on input line 124.
 [1.0.47{/usr/share/texmf/dvips/config/pdftex.map}] [2.0.47

]
LaTeX Font Info:    Font shape `T1/phv/bx/n' in size <10> not available
(Font)              Font shape `T1/phv/b/n' tried instead on input line 219.
 [3.0.47] [4.0.47

]
LaTeX Font Info:    Font shape `T1/phv/bx/n' in size <20.736> not available
(Font)              Font shape `T1/phv/b/n' tried instead on input line 337.
LaTeX Font Info:    Font shape `T1/ptm/bx/n' in size <10> not available
(Font)              Font shape `T1/ptm/b/n' tried instead on input line 352.


LaTeX Warning: Reference `14' on page 5 undefined on input line 366.


LaTeX Warning: Reference `18' on page 5 undefined on input line 397.


LaTeX Warning: Reference `23' on page 5 undefined on input line 428.


LaTeX Warning: Reference `44' on page 5 undefined on input line 459.


LaTeX Warning: Reference `47' on page 5 undefined on input line 490.


LaTeX Warning: Reference `54' on page 5 undefined on input line 521.


LaTeX Warning: Reference `63' on page 5 undefined on input line 552.


LaTeX Warning: Reference `70' on page 5 undefined on input line 583.


LaTeX Warning: Reference `80' on page 5 undefined on input line 645.


LaTeX Warning: Reference `98' on page 5 undefined on input line 676.


LaTeX Warning: Reference `105' on page 5 undefined on input line 738.


LaTeX Warning: Reference `113' on page 5 undefined on input line 769.

[5.0.47] [6.0.47

]

LaTeX Warning: Reference `110' on page 7 undefined on input line 959.

[7.0.47] [8.0.47

]
LaTeX Font Info:    Font shape `T1/phv/bx/it' in size <17.28> not available
(Font)              Font shape `T1/phv/b/it' tried instead on input line 1093.
LaTeX Font Info:    Font shape `T1/phv/b/it' in size <17.28> not available
(Font)              Font shape `T1/phv/b/sl' tried instead on input line 1093.
 [9.0.47] [10.0.47

] [11.0.47] [12.0.47

]
LaTeX Font Info:    Try loading font information for TS1+ptm on input line 1506
.

(/usr/share/texmf/tex/latex/psnfss/ts1ptm.fd
File: ts1ptm.fd 1998/07/06 Fontinst v1.800 font definitions for TS1/ptm.
) [13.0.47] [14.0.47

] [15.0.47]
[16.0.47

]
LaTeX Font Info:    Try loading font information for T1+pcr on input line 2051.

 (/usr/share/texmf/tex/latex/psnfss/t1pcr.fd
File: t1pcr.fd 1998/07/06 Fontinst v1.800 font definitions for T1/pcr.
) [17.0.47] [18.0.47

]
[19.0.47] [20.0.47

] [21.0.47] [22.0.47

] [23.0.47] [24.0.47

] [25.0.47] [26.0.47

] [27.0.47] [28.0.47] [29.0.47

] [30.0.47

] [31.0.47] [32.0.47

]
LaTeX Font Info:    Try loading font information for U+msa on input line 3904.

(/usr/share/texmf/tex/latex/amsfonts/umsa.fd
File: umsa.fd 1995/01/05 v2.2e AMS font definitions
)
LaTeX Font Info:    Try loading font information for U+msb on input line 3904.

(/usr/share/texmf/tex/latex/amsfonts/umsb.fd
File: umsb.fd 1995/01/05 v2.2e AMS font definitions
)
LaTeX Font Info:    Try loading font information for U+wasy on input line 3904.


(/usr/share/texmf/tex/latex/wasysym/uwasy.fd
File: uwasy.fd 1999/05/13 v1.0iWasy-2 symbol font definitions
)
LaTeX Font Info:    Try loading font information for U+stmry on input line 3904
.

(/usr/share/texmf/tex/latex/misc/ustmry.fd) [33.0.47] [34.0.47] [35.0.47]
[36.0.47] [37.0.47

] [38.0.47

] [39.0.47] (coding-standards.aux)

LaTeX Warning: There were undefined references.

 ) 
Here is how much of TeX's memory you used:
 874 strings out of 44791
 9963 string characters out of 348795
 230046 words of memory out of 348001
 12881 multiletter control sequences out of 10000+32500
 36499 words of font info for 60 fonts, out of 400000 for 1000
 14 hyphenation exceptions out of 1000
 27i,11n,39p,227b,2079s stack positions out of 1500i,500n,1500p,50000b,5000s
</usr/share/texmf/fonts/type1/bluesky/cm/cmmi9.pfb>{/usr/share/texmf/dvips/ba
se/8r.enc}
Output written on coding-standards.pdf (39 pages, 56162 bytes).
