This file contains any messages produced by compilers while
running configure, to aid debugging if configure makes a mistake.

configure:557: checking for a BSD compatible install
configure:610: checking whether build environment is sane
configure:667: checking whether make sets ${MAKE}
configure:713: checking for working aclocal
configure:726: checking for working autoconf
configure:739: checking for working automake
configure:752: checking for working autoheader
configure:765: checking for working makeinfo
configure:784: checking for gcc
configure:897: checking whether the C compiler (gcc  ) works
configure:913: gcc -o conftest    conftest.c  1>&5
configure:939: checking whether the C compiler (gcc  ) is a cross-compiler
configure:944: checking whether we are using GNU C
configure:972: checking whether gcc accepts -g
configure:1004: checking how to run the C preprocessor
configure:1084: checking whether make sets ${MAKE}
configure:1114: checking for makeinfo
configure:1152: checking for sgml2html
