This is pdfTeX, Version 3.14159-14f-released-20000525 (Web2C 7.3.1) (format=pdfjadetex 2000.9.15)  15 SEP 2000 16:13
**installation.tex
(installation.tex{/usr/share/texmf/pdftex/config/pdftex.cfg}
JadeTeX 2000/04/10: 2.18
LaTeX Font Info:    Try loading font information for T1+ptm on input line 1.
(/usr/share/texmf/tex/latex/psnfss/t1ptm.fd
File: t1ptm.fd 1998/07/06 Fontinst v1.800 font definitions for T1/ptm.
)
Elements will be labelled
Jade begin document sequence at 20
No file installation.aux.
\openout1 = `installation.aux'.

LaTeX Font Info:    Checking defaults for OML/cmm/m/it on input line 20.
LaTeX Font Info:    ... okay on input line 20.
LaTeX Font Info:    Checking defaults for T1/cmr/m/n on input line 20.
LaTeX Font Info:    ... okay on input line 20.
LaTeX Font Info:    Checking defaults for OT1/cmr/m/n on input line 20.
LaTeX Font Info:    ... okay on input line 20.
LaTeX Font Info:    Checking defaults for OMS/cmsy/m/n on input line 20.
LaTeX Font Info:    ... okay on input line 20.
LaTeX Font Info:    Checking defaults for OMX/cmex/m/n on input line 20.
LaTeX Font Info:    ... okay on input line 20.
LaTeX Font Info:    Checking defaults for U/cmr/m/n on input line 20.
LaTeX Font Info:    ... okay on input line 20.
LaTeX Font Info:    Checking defaults for OT2/wncyr/m/n on input line 20.
LaTeX Font Info:    Try loading font information for OT2+wncyr on input line 20
.
(/usr/share/texmf/tex/latex/cyrillic/ot2wncyr.fd
File: ot2wncyr.fd 1999/05/31 v3.2 Computer Modern Cyrillic font definitions
)
LaTeX Font Info:    ... okay on input line 20.
LaTeX Font Info:    Checking defaults for PD1/pdf/m/n on input line 20.
LaTeX Font Info:    ... okay on input line 20.
LaTeX Font Info:    Checking defaults for T2A/cmr/m/n on input line 20.
LaTeX Font Info:    Try loading font information for T2A+cmr on input line 20.

(/usr/share/texmf/tex/latex/cyrillic/t2acmr.fd
File: t2acmr.fd 1999/01/07 v1.0 Computer Modern Cyrillic font definitions
)
LaTeX Font Info:    ... okay on input line 20.
LaTeX Font Info:    Checking defaults for TS1/cmr/m/n on input line 20.
LaTeX Font Info:    Try loading font information for TS1+cmr on input line 20.

(/usr/share/texmf/tex/latex/base/ts1cmr.fd
File: ts1cmr.fd 1999/05/25 v2.5h Standard LaTeX font definitions
)
LaTeX Font Info:    ... okay on input line 20.
LaTeX Font Info:    Checking defaults for LECO/omseco/m/n on input line 20.
LaTeX Font Info:    ... okay on input line 20.
LaTeX Font Info:    Checking defaults for LECX/omsecx/m/n on input line 20.
LaTeX Font Info:    ... okay on input line 20.
LaTeX Font Info:    Checking defaults for LECY/omsecy/m/n on input line 20.
LaTeX Font Info:    ... okay on input line 20.
LaTeX Font Info:    Checking defaults for LEGR/omsegr/m/n on input line 20.
LaTeX Font Info:    ... okay on input line 20.
LaTeX Font Info:    Checking defaults for LEHA/omseha/m/n on input line 20.
LaTeX Font Info:    ... okay on input line 20.
LaTeX Font Info:    Checking defaults for LEIP/omseip/m/n on input line 20.
LaTeX Font Info:    ... okay on input line 20.
LaTeX Font Info:    Checking defaults for LELA/omsela/m/n on input line 20.
LaTeX Font Info:    ... okay on input line 20.
LaTeX Font Info:    Checking defaults for LETI/omseti/m/n on input line 20.
LaTeX Font Info:    ... okay on input line 20.

(/usr/share/texmf/tex/context/base/supp-pdf.tex
(/usr/share/texmf/tex/context/base/supp-mis.tex
loading : Context Support Macros / Missing
\protectiondepth=\count114
\scratchcounter=\count115
\scratchdimen=\dimen131
\scratchskip=\skip53
\scratchmuskip=\muskip10
\scratchbox=\box61
\scratchread=\read1
\scratchwrite=\write4
\nextbox=\box62
\nextdepth=\dimen132
\everyline=\toks21
\!!counta=\count116
\!!countb=\count117
\recursecounter=\count118
)
loading : Context Support Macros / PDF
\nofMPsegments=\count119
\nofMParguments=\count120
)
Package hyperref Info: Link coloring ON on input line 20.
 (/usr/share/texmf/tex/latex/hyperref/nameref.sty
Package: nameref 2000/05/08 v2.18 Cross-referencing by name of section
\c@section@level=\count121
)
\openout3 = `installation.out'.

LaTeX Info: Redefining \ref on input line 20.
LaTeX Info: Redefining \pageref on input line 20.
LaTeX Font Info:    Try loading font information for T1+phv on input line 99.

(/usr/share/texmf/tex/latex/psnfss/t1phv.fd
File: t1phv.fd 1998/07/06 Fontinst v1.800 font definitions for T1/phv.
)
LaTeX Font Info:    Font shape `T1/phv/bx/n' in size <24.883> not available
(Font)              Font shape `T1/phv/b/n' tried instead on input line 99.
LaTeX Font Info:    Font shape `T1/phv/bx/n' in size <17.28> not available
(Font)              Font shape `T1/phv/b/n' tried instead on input line 124.
 [1.0.47{/usr/share/texmf/dvips/config/pdftex.map}] [2.0.47

]
LaTeX Font Info:    Font shape `T1/phv/bx/n' in size <10> not available
(Font)              Font shape `T1/phv/b/n' tried instead on input line 189.
 [3.0.47] [4.0.47

]
LaTeX Font Info:    Font shape `T1/phv/bx/n' in size <20.736> not available
(Font)              Font shape `T1/phv/b/n' tried instead on input line 299.
LaTeX Font Info:    Font shape `T1/ptm/bx/n' in size <10> not available
(Font)              Font shape `T1/ptm/b/n' tried instead on input line 314.


LaTeX Warning: Reference `8' on page 5 undefined on input line 328.


LaTeX Warning: Reference `12' on page 5 undefined on input line 359.


LaTeX Warning: Reference `21' on page 5 undefined on input line 390.


LaTeX Warning: Reference `28' on page 5 undefined on input line 421.


LaTeX Warning: Reference `44' on page 5 undefined on input line 452.

[5.0.47] [6.0.47

]
LaTeX Font Info:    Font shape `T1/phv/bx/it' in size <17.28> not available
(Font)              Font shape `T1/phv/b/it' tried instead on input line 583.
LaTeX Font Info:    Font shape `T1/phv/b/it' in size <17.28> not available
(Font)              Font shape `T1/phv/b/sl' tried instead on input line 583.
 [7.0.47] [8.0.47

]
LaTeX Font Info:    Try loading font information for T1+pcr on input line 829.
 (/usr/share/texmf/tex/latex/psnfss/t1pcr.fd
File: t1pcr.fd 1998/07/06 Fontinst v1.800 font definitions for T1/pcr.
) [9.0.47] [10.0.47

] [11.0.47] [12.0.47

] [13.0.47] [14.0.47] [15.0.47

] [16.0.47

] [17.0.47] (installation.aux)

LaTeX Warning: There were undefined references.

 ) 
Here is how much of TeX's memory you used:
 655 strings out of 44791
 8093 string characters out of 348795
 229950 words of memory out of 348001
 12751 multiletter control sequences out of 10000+32500
 28453 words of font info for 36 fonts, out of 400000 for 1000
 14 hyphenation exceptions out of 1000
 27i,11n,39p,205b,1557s stack positions out of 1500i,500n,1500p,50000b,5000s
{/usr/share/texmf/dvips/base/8r.enc}
Output written on installation.pdf (17 pages, 24363 bytes).
